#! /usr/bin/vvp
:ivl_version "11.0 (stable)";
:ivl_delay_selection "TYPICAL";
:vpi_time_precision + 0;
:vpi_module "/usr/lib/x86_64-linux-gnu/ivl/system.vpi";
:vpi_module "/usr/lib/x86_64-linux-gnu/ivl/vhdl_sys.vpi";
:vpi_module "/usr/lib/x86_64-linux-gnu/ivl/vhdl_textio.vpi";
:vpi_module "/usr/lib/x86_64-linux-gnu/ivl/v2005_math.vpi";
:vpi_module "/usr/lib/x86_64-linux-gnu/ivl/va_math.vpi";
S_0x55f656c2fd90 .scope module, "patter" "patter" 2 1;
 .timescale 0 0;
    .port_info 0 /INPUT 1 "i";
    .port_info 1 /INPUT 1 "rst";
    .port_info 2 /OUTPUT 1 "o";
    .port_info 3 /INPUT 1 "clk";
o0x7f393f9cf018 .functor BUFZ 1, C4<z>; HiZ drive
v0x55f656c31350_0 .net "clk", 0 0, o0x7f393f9cf018;  0 drivers
o0x7f393f9cf048 .functor BUFZ 1, C4<z>; HiZ drive
v0x55f656c31ba0_0 .net "i", 0 0, o0x7f393f9cf048;  0 drivers
v0x55f656c7b1e0_0 .var "o", 0 0;
o0x7f393f9cf0a8 .functor BUFZ 1, C4<z>; HiZ drive
v0x55f656c7b2b0_0 .net "rst", 0 0, o0x7f393f9cf0a8;  0 drivers
v0x55f656c7b370_0 .var "state", 1 0;
E_0x55f656c30870 .event posedge, v0x55f656c31350_0;
    .scope S_0x55f656c2fd90;
T_0 ;
    %wait E_0x55f656c30870;
    %load/vec4 v0x55f656c7b2b0_0;
    %inv;
    %flag_set/vec4 8;
    %jmp/0xz  T_0.0, 8;
    %pushi/vec4 0, 0, 2;
    %store/vec4 v0x55f656c7b370_0, 0, 2;
    %jmp T_0.1;
T_0.0 ;
    %load/vec4 v0x55f656c7b370_0;
    %dup/vec4;
    %pushi/vec4 0, 0, 2;
    %cmp/u;
    %jmp/1 T_0.2, 6;
    %dup/vec4;
    %pushi/vec4 1, 0, 2;
    %cmp/u;
    %jmp/1 T_0.3, 6;
    %dup/vec4;
    %pushi/vec4 2, 0, 2;
    %cmp/u;
    %jmp/1 T_0.4, 6;
    %dup/vec4;
    %pushi/vec4 3, 0, 2;
    %cmp/u;
    %jmp/1 T_0.5, 6;
    %jmp T_0.6;
T_0.2 ;
    %load/vec4 v0x55f656c31ba0_0;
    %flag_set/vec4 8;
    %jmp/0xz  T_0.7, 8;
    %pushi/vec4 1, 0, 2;
    %store/vec4 v0x55f656c7b370_0, 0, 2;
    %jmp T_0.8;
T_0.7 ;
    %pushi/vec4 0, 0, 2;
    %store/vec4 v0x55f656c7b370_0, 0, 2;
T_0.8 ;
    %jmp T_0.6;
T_0.3 ;
    %load/vec4 v0x55f656c31ba0_0;
    %flag_set/vec4 8;
    %jmp/0xz  T_0.9, 8;
    %pushi/vec4 2, 0, 2;
    %store/vec4 v0x55f656c7b370_0, 0, 2;
    %jmp T_0.10;
T_0.9 ;
    %pushi/vec4 0, 0, 2;
    %store/vec4 v0x55f656c7b370_0, 0, 2;
T_0.10 ;
    %jmp T_0.6;
T_0.4 ;
    %load/vec4 v0x55f656c31ba0_0;
    %flag_set/vec4 8;
    %jmp/0xz  T_0.11, 8;
    %pushi/vec4 2, 0, 2;
    %store/vec4 v0x55f656c7b370_0, 0, 2;
    %jmp T_0.12;
T_0.11 ;
    %pushi/vec4 3, 0, 2;
    %store/vec4 v0x55f656c7b370_0, 0, 2;
T_0.12 ;
    %jmp T_0.6;
T_0.5 ;
    %load/vec4 v0x55f656c31ba0_0;
    %flag_set/vec4 8;
    %jmp/0xz  T_0.13, 8;
    %pushi/vec4 1, 0, 2;
    %store/vec4 v0x55f656c7b370_0, 0, 2;
    %jmp T_0.14;
T_0.13 ;
    %pushi/vec4 0, 0, 2;
    %store/vec4 v0x55f656c7b370_0, 0, 2;
T_0.14 ;
    %jmp T_0.6;
T_0.6 ;
    %pop/vec4 1;
T_0.1 ;
    %jmp T_0;
    .thread T_0;
    .scope S_0x55f656c2fd90;
T_1 ;
    %wait E_0x55f656c30870;
    %load/vec4 v0x55f656c7b370_0;
    %cmpi/e 3, 0, 2;
    %jmp/0xz  T_1.0, 4;
    %pushi/vec4 1, 0, 1;
    %assign/vec4 v0x55f656c7b1e0_0, 0;
    %jmp T_1.1;
T_1.0 ;
    %pushi/vec4 0, 0, 1;
    %assign/vec4 v0x55f656c7b1e0_0, 0;
T_1.1 ;
    %jmp T_1;
    .thread T_1;
# The file index is used to find the file name in the following table.
:file_names 3;
    "N/A";
    "<interactive>";
    "p.v";
